[debug] [2025-12-20T18:47:42.514Z] ----------------------------------------------------------------------
[debug] [2025-12-20T18:47:42.516Z] Command:       /Users/mj/.nvm/versions/node/v20.19.5/bin/node /Users/mj/.nvm/versions/node/v20.19.5/bin/firebase init
[debug] [2025-12-20T18:47:42.516Z] CLI Version:   15.1.0
[debug] [2025-12-20T18:47:42.516Z] Platform:      darwin
[debug] [2025-12-20T18:47:42.516Z] Node Version:  v20.19.5
[debug] [2025-12-20T18:47:42.516Z] Time:          Sat Dec 20 2025 23:47:42 GMT+0500 (Pakistan Standard Time)
[debug] [2025-12-20T18:47:42.516Z] ----------------------------------------------------------------------
[debug] 
[info] 
     ######## #### ########  ######## ########     ###     ######  ########
     ##        ##  ##     ## ##       ##     ##  ##   ##  ##       ##
     ######    ##  ########  ######   ########  #########  ######  ######
     ##        ##  ##    ##  ##       ##     ## ##     ##       ## ##
     ##       #### ##     ## ######## ########  ##     ##  ######  ########

You're about to initialize a Firebase project in this directory:

  /Users/mj/Desktop/brandweb

[info] 
=== Project Setup
[info] 
[info] First, let's associate this project directory with a Firebase project.
[info] You can create multiple project aliases by running firebase use --add, 
[info] 
[debug] [2025-12-20T18:48:03.579Z] > command requires scopes: ["email","openid","https://www.googleapis.com/auth/cloudplatformprojects.readonly","https://www.googleapis.com/auth/firebase","https://www.googleapis.com/auth/cloud-platform"]
[debug] [2025-12-20T18:48:03.580Z] > authorizing via signed-in user (shahsawaarofficial25@gmail.com)
[debug] [2025-12-20T18:48:03.582Z] Checked if tokens are valid: true, expires at: 1766259928674
[debug] [2025-12-20T18:48:03.582Z] Checked if tokens are valid: true, expires at: 1766259928674
[debug] [2025-12-20T18:48:03.585Z] >>> [apiv2][query] GET https://firebase.googleapis.com/v1beta1/projects pageSize=100
[debug] [2025-12-20T18:48:04.446Z] <<< [apiv2][status] GET https://firebase.googleapis.com/v1beta1/projects 200
[debug] [2025-12-20T18:48:04.447Z] <<< [apiv2][body] GET https://firebase.googleapis.com/v1beta1/projects [omitted]
[info] 
=== Hosting Setup
[debug] [2025-12-20T18:48:21.917Z] Checked if tokens are valid: true, expires at: 1766259928674
[debug] [2025-12-20T18:48:21.917Z] Checked if tokens are valid: true, expires at: 1766259928674
[debug] [2025-12-20T18:48:21.917Z] >>> [apiv2][query] GET https://firebase.googleapis.com/v1beta1/projects/shahsawaar-17832 [none]
[debug] [2025-12-20T18:48:22.474Z] <<< [apiv2][status] GET https://firebase.googleapis.com/v1beta1/projects/shahsawaar-17832 200
[debug] [2025-12-20T18:48:22.475Z] <<< [apiv2][body] GET https://firebase.googleapis.com/v1beta1/projects/shahsawaar-17832 {"projectId":"shahsawaar-17832","projectNumber":"20204164297","displayName":"Shahsawaar","name":"projects/shahsawaar-17832","resources":{"hostingSite":"shahsawaar-17832"},"state":"ACTIVE","etag":"1_95df9185-0f6b-475e-9a60-70c12966afd3"}
[info] 
[info] Your public directory is the folder (relative to your project directory) that
[info] will contain Hosting assets to be uploaded with firebase deploy. If you
[info] have a build process for your assets, use your build's output directory.
[info] 
[debug] [2025-12-20T19:14:07.874Z] ExitPromptError: User force closed the prompt with SIGINT
    at Interface.sigint (/Users/mj/.nvm/versions/node/v20.19.5/lib/node_modules/firebase-tools/node_modules/@inquirer/core/dist/commonjs/lib/create-prompt.js:101:37)
    at Interface.emit (node:events:524:28)
    at [_ttyWrite] [as _ttyWrite] (node:internal/readline/interface:1128:18)
    at ReadStream.onkeypress (node:internal/readline/interface:267:20)
    at ReadStream.emit (node:events:536:35)
    at emitKeys (node:internal/readline/utils:371:14)
    at emitKeys.next (<anonymous>)
    at ReadStream.onData (node:internal/readline/emitKeypressEvents:64:36)
    at ReadStream.emit (node:events:524:28)
    at addChunk (node:internal/streams/readable:561:12)
[error] 
[error] Error: An unexpected error has occurred.
